Using pre-set license
Built from '2020.3/china_unity/release' branch; Version is '2020.3.6f1c1 (c884b0ebb9b3) revision 13141168'; Using compiler version '192528614'; Build Type 'Release'
OS: 'Windows 10 Home China; OS build 19042.1237; Version 2009; 64bit' Language: 'zh' Physical Memory: 15591 MB
BatchMode: 1, IsHumanControllingUs: 0, StartBugReporterOnCrash: 0, Is64bit: 1, IsPro: 0

 COMMAND LINE ARGUMENTS:
C:\Program Files\Unity\Hub\Editor\2020.3.6f1c1\Editor\Unity.exe
-adb2
-batchMode
-noUpm
-name
AssetImportWorker0
-projectPath
C:/Workspace/Unity_GOF
-logFile
Logs/AssetImportWorker0.log
-srvPort
7817
Successfully changed project path to: C:/Workspace/Unity_GOF
C:/Workspace/Unity_GOF
Using Asset Import Pipeline V2.
Refreshing native plugins compatible for Editor in 90.76 ms, found 1 plugins.
Preloading 0 native plugins for Editor in 0.00 ms.
Initialize engine version: 2020.3.6f1c1 (c884b0ebb9b3)
[Subsystems] Discovering subsystems at path C:/Program Files/Unity/Hub/Editor/2020.3.6f1c1/Editor/Data/Resources/UnitySubsystems
[Subsystems] Discovering subsystems at path C:/Workspace/Unity_GOF/Assets
GfxDevice: creating device client; threaded=0
Direct3D:
    Version:  Direct3D 11.0 [level 11.1]
    Renderer: AMD Radeon(TM) Graphics (ID=0x1636)
    Vendor:   
    VRAM:     7795 MB
    Driver:   27.20.15026.1004
Initialize mono
Mono path[0] = 'C:/Program Files/Unity/Hub/Editor/2020.3.6f1c1/Editor/Data/Managed'
Mono path[1] = 'C:/Program Files/Unity/Hub/Editor/2020.3.6f1c1/Editor/Data/MonoBleedingEdge/lib/mono/unityjit'
Mono config path = 'C:/Program Files/Unity/Hub/Editor/2020.3.6f1c1/Editor/Data/MonoBleedingEdge/etc'
Using monoOptions --debugger-agent=transport=dt_socket,embedding=1,server=y,suspend=n,address=127.0.0.1:56512
Begin MonoManager ReloadAssembly
Registering precompiled unity dll's ...
Register platform support module: C:/Program Files/Unity/Hub/Editor/2020.3.6f1c1/Editor/Data/PlaybackEngines/WindowsStandaloneSupport/UnityEditor.WindowsStandalone.Extensions.dll
Registered in 0.014438 seconds.
Native extension for WindowsStandalone target not found
Refreshing native plugins compatible for Editor in 79.87 ms, found 1 plugins.
Preloading 0 native plugins for Editor in 0.00 ms.
Mono: successfully reloaded assembly
- Completed reload, in  3.002 seconds
Platform modules already initialized, skipping
Registering precompiled user dll's ...
Registered in 0.018469 seconds.
Begin MonoManager ReloadAssembly
Native extension for WindowsStandalone target not found
Refreshing native plugins compatible for Editor in 47.92 ms, found 1 plugins.
Preloading 0 native plugins for Editor in 0.00 ms.
Mono: successfully reloaded assembly
- Completed reload, in  2.021 seconds
Platform modules already initialized, skipping
========================================================================
Worker process is ready to serve import requests
Launched and connected shader compiler UnityShaderCompiler.exe after 0.08 seconds
Refreshing native plugins compatible for Editor in 0.64 ms, found 1 plugins.
Preloading 0 native plugins for Editor in 0.00 ms.
Unloading 2067 Unused Serialized files (Serialized files now loaded: 0)
System memory in use before: 94.8 MB.
System memory in use after: 94.9 MB.

Unloading 25 unused Assets to reduce memory usage. Loaded Objects now: 2508.
Total: 4.805600 ms (FindLiveObjects: 0.378600 ms CreateObjectMapping: 0.168700 ms MarkObjects: 4.149500 ms  DeleteObjects: 0.106100 ms)

========================================================================
Received Import Request.
  path: Assets/script/command
  artifactKey: Guid(d7dd0143147114a4a917407978a17d01) Importer(815301076,1909f56bfc062723c751e8b465ee728b)
Start importing Assets/script/command using Guid(d7dd0143147114a4a917407978a17d01) Importer(815301076,1909f56bfc062723c751e8b465ee728b)  -> (artifact id: '13eec0d9fc2f14ac2637bd114554264a') in 0.014063 seconds
  Import took 0.023579 seconds .

========================================================================
Received Import Request.
  Time since last request: 16.297014 seconds.
  path: Assets/script/command/InputHander.cs
  artifactKey: Guid(e9e01cbec6422e14c81f44d3c9918adb) Importer(815301076,1909f56bfc062723c751e8b465ee728b)
Start importing Assets/script/command/InputHander.cs using Guid(e9e01cbec6422e14c81f44d3c9918adb) Importer(815301076,1909f56bfc062723c751e8b465ee728b)  -> (artifact id: 'e3c69027f957f624043b2a611b098aa3') in 0.059373 seconds
  Import took 0.064923 seconds .

========================================================================
Received Import Request.
  Time since last request: 0.004891 seconds.
  path: Assets/script/command/InputHander.cs
  artifactKey: Guid(e9e01cbec6422e14c81f44d3c9918adb) Importer(815301076,1909f56bfc062723c751e8b465ee728b)
Start importing Assets/script/command/InputHander.cs using Guid(e9e01cbec6422e14c81f44d3c9918adb) Importer(815301076,1909f56bfc062723c751e8b465ee728b)  -> (artifact id: 'e3c69027f957f624043b2a611b098aa3') in 0.004926 seconds
  Import took 0.010620 seconds .

========================================================================
Received Prepare
Registering precompiled user dll's ...
Registered in 0.020767 seconds.
Begin MonoManager ReloadAssembly
Native extension for WindowsStandalone target not found
Refreshing native plugins compatible for Editor in 1.09 ms, found 1 plugins.
Preloading 0 native plugins for Editor in 0.00 ms.
Mono: successfully reloaded assembly
- Completed reload, in  2.712 seconds
Platform modules already initialized, skipping
Refreshing native plugins compatible for Editor in 0.76 ms, found 1 plugins.
Preloading 0 native plugins for Editor in 0.00 ms.
Unloading 2058 Unused Serialized files (Serialized files now loaded: 0)
System memory in use before: 94.3 MB.
System memory in use after: 94.4 MB.

Unloading 13 unused Assets to reduce memory usage. Loaded Objects now: 2513.
Total: 4.746900 ms (FindLiveObjects: 0.426700 ms CreateObjectMapping: 0.132200 ms MarkObjects: 4.139500 ms  DeleteObjects: 0.045600 ms)

========================================================================
Received Prepare
Registering precompiled user dll's ...
Registered in 0.009627 seconds.
Begin MonoManager ReloadAssembly
Native extension for WindowsStandalone target not found
Refreshing native plugins compatible for Editor in 0.75 ms, found 1 plugins.
Preloading 0 native plugins for Editor in 0.00 ms.
Mono: successfully reloaded assembly
- Completed reload, in  1.705 seconds
Platform modules already initialized, skipping
Refreshing native plugins compatible for Editor in 0.53 ms, found 1 plugins.
Preloading 0 native plugins for Editor in 0.00 ms.
Unloading 2061 Unused Serialized files (Serialized files now loaded: 0)
System memory in use before: 94.4 MB.
System memory in use after: 94.5 MB.

Unloading 13 unused Assets to reduce memory usage. Loaded Objects now: 2520.
Total: 3.927300 ms (FindLiveObjects: 0.264400 ms CreateObjectMapping: 0.053300 ms MarkObjects: 3.576400 ms  DeleteObjects: 0.031300 ms)

========================================================================
Received Import Request.
  Time since last request: 1911.144893 seconds.
  path: Assets/script/command/InputHandler.cs
  artifactKey: Guid(e9e01cbec6422e14c81f44d3c9918adb) Importer(815301076,1909f56bfc062723c751e8b465ee728b)
Start importing Assets/script/command/InputHandler.cs using Guid(e9e01cbec6422e14c81f44d3c9918adb) Importer(815301076,1909f56bfc062723c751e8b465ee728b)  -> (artifact id: 'aa919572fd6eec82f975423131993a05') in 0.007149 seconds
  Import took 0.011442 seconds .

========================================================================
Received Prepare
Registering precompiled user dll's ...
Registered in 0.012282 seconds.
Begin MonoManager ReloadAssembly
Native extension for WindowsStandalone target not found
Refreshing native plugins compatible for Editor in 0.76 ms, found 1 plugins.
Preloading 0 native plugins for Editor in 0.00 ms.
Mono: successfully reloaded assembly
- Completed reload, in  2.386 seconds
Platform modules already initialized, skipping
Refreshing native plugins compatible for Editor in 0.82 ms, found 1 plugins.
Preloading 0 native plugins for Editor in 0.00 ms.
Unloading 2061 Unused Serialized files (Serialized files now loaded: 0)
System memory in use before: 94.5 MB.
System memory in use after: 94.6 MB.

Unloading 13 unused Assets to reduce memory usage. Loaded Objects now: 2524.
Total: 5.371100 ms (FindLiveObjects: 0.590900 ms CreateObjectMapping: 0.246500 ms MarkObjects: 4.482700 ms  DeleteObjects: 0.047600 ms)

========================================================================
Received Prepare
Registering precompiled user dll's ...
Registered in 0.010778 seconds.
Begin MonoManager ReloadAssembly
Native extension for WindowsStandalone target not found
Refreshing native plugins compatible for Editor in 0.92 ms, found 1 plugins.
Preloading 0 native plugins for Editor in 0.00 ms.
Mono: successfully reloaded assembly
- Completed reload, in  2.127 seconds
Platform modules already initialized, skipping
Refreshing native plugins compatible for Editor in 0.70 ms, found 1 plugins.
Preloading 0 native plugins for Editor in 0.00 ms.
Unloading 2062 Unused Serialized files (Serialized files now loaded: 0)
System memory in use before: 94.5 MB.
System memory in use after: 94.6 MB.

Unloading 13 unused Assets to reduce memory usage. Loaded Objects now: 2529.
Total: 3.645000 ms (FindLiveObjects: 0.399900 ms CreateObjectMapping: 0.133000 ms MarkObjects: 3.082700 ms  DeleteObjects: 0.026900 ms)

========================================================================
Received Prepare
Registering precompiled user dll's ...
Registered in 0.012558 seconds.
Begin MonoManager ReloadAssembly
Native extension for WindowsStandalone target not found
Refreshing native plugins compatible for Editor in 1.02 ms, found 1 plugins.
Preloading 0 native plugins for Editor in 0.00 ms.
Mono: successfully reloaded assembly
- Completed reload, in  2.511 seconds
Platform modules already initialized, skipping
Refreshing native plugins compatible for Editor in 0.63 ms, found 1 plugins.
Preloading 0 native plugins for Editor in 0.00 ms.
Unloading 2062 Unused Serialized files (Serialized files now loaded: 0)
System memory in use before: 94.5 MB.
System memory in use after: 94.6 MB.

Unloading 13 unused Assets to reduce memory usage. Loaded Objects now: 2533.
Total: 5.446200 ms (FindLiveObjects: 0.436500 ms CreateObjectMapping: 0.161900 ms MarkObjects: 4.802200 ms  DeleteObjects: 0.042300 ms)

========================================================================
Received Prepare
Registering precompiled user dll's ...
Registered in 0.011592 seconds.
Begin MonoManager ReloadAssembly
Native extension for WindowsStandalone target not found
Refreshing native plugins compatible for Editor in 0.49 ms, found 1 plugins.
Preloading 0 native plugins for Editor in 0.00 ms.
Mono: successfully reloaded assembly
- Completed reload, in  2.193 seconds
Platform modules already initialized, skipping
Refreshing native plugins compatible for Editor in 0.86 ms, found 1 plugins.
Preloading 0 native plugins for Editor in 0.00 ms.
Unloading 2062 Unused Serialized files (Serialized files now loaded: 0)
System memory in use before: 94.5 MB.
System memory in use after: 94.6 MB.

Unloading 13 unused Assets to reduce memory usage. Loaded Objects now: 2537.
Total: 5.382000 ms (FindLiveObjects: 0.406800 ms CreateObjectMapping: 0.144100 ms MarkObjects: 4.786900 ms  DeleteObjects: 0.041300 ms)

========================================================================
Received Prepare
Registering precompiled user dll's ...
Registered in 0.018659 seconds.
Begin MonoManager ReloadAssembly
Native extension for WindowsStandalone target not found
Refreshing native plugins compatible for Editor in 0.88 ms, found 1 plugins.
Preloading 0 native plugins for Editor in 0.00 ms.
Mono: successfully reloaded assembly
- Completed reload, in  2.733 seconds
Platform modules already initialized, skipping
Refreshing native plugins compatible for Editor in 0.59 ms, found 1 plugins.
Preloading 0 native plugins for Editor in 0.00 ms.
Unloading 2062 Unused Serialized files (Serialized files now loaded: 0)
System memory in use before: 94.5 MB.
System memory in use after: 94.6 MB.

Unloading 13 unused Assets to reduce memory usage. Loaded Objects now: 2541.
Total: 6.940700 ms (FindLiveObjects: 0.675300 ms CreateObjectMapping: 0.258400 ms MarkObjects: 5.960200 ms  DeleteObjects: 0.043200 ms)

========================================================================
Received Import Request.
  Time since last request: 52041.358160 seconds.
  path: Assets/script/command/DefenceCommand.cs
  artifactKey: Guid(82cd8d168ce163b4f85395fe0707ae34) Importer(815301076,1909f56bfc062723c751e8b465ee728b)
Start importing Assets/script/command/DefenceCommand.cs using Guid(82cd8d168ce163b4f85395fe0707ae34) Importer(815301076,1909f56bfc062723c751e8b465ee728b)  -> (artifact id: '299a989f7d99304e99bad7d634f4c1ae') in 0.010381 seconds
  Import took 0.016380 seconds .

========================================================================
Received Import Request.
  Time since last request: 0.023345 seconds.
  path: Assets/script/command/DefenceCommand.cs
  artifactKey: Guid(82cd8d168ce163b4f85395fe0707ae34) Importer(815301076,1909f56bfc062723c751e8b465ee728b)
Start importing Assets/script/command/DefenceCommand.cs using Guid(82cd8d168ce163b4f85395fe0707ae34) Importer(815301076,1909f56bfc062723c751e8b465ee728b)  -> (artifact id: '299a989f7d99304e99bad7d634f4c1ae') in 0.005210 seconds
  Import took 0.010865 seconds .

AssetImportWorkerClient::OnTransportError - code=2 error=End of file
